<?xml version="1.0" encoding="UTF-8"?>
<testng-results skipped="0" failed="1" ignored="2" total="5" passed="2">
  <reporter-output>
  </reporter-output>
  <suite name="Default suite" duration-ms="138674" started-at="2020-02-07T12:42:36 CST" finished-at="2020-02-07T12:44:55 CST">
    <groups>
      <group name="regression">
        <method signature="CalendarDemo.oneWay()[pri:0, instance:com.kayak.testcases.CalendarDemo@3b084709]" name="oneWay" class="com.kayak.testcases.CalendarDemo"/>
        <method signature="CalendarDemo.roundTrip()[pri:0, instance:com.kayak.testcases.CalendarDemo@3b084709]" name="roundTrip" class="com.kayak.testcases.CalendarDemo"/>
        <method signature="CalendarDemo.swapDestination()[pri:0, instance:com.kayak.testcases.CalendarDemo@3b084709]" name="swapDestination" class="com.kayak.testcases.CalendarDemo"/>
      </group> <!-- regression -->
    </groups>
    <test name="Default test" duration-ms="138674" started-at="2020-02-07T12:42:36 CST" finished-at="2020-02-07T12:44:55 CST">
      <class name="com.kayak.testcases.CalendarDemo">
        <test-method status="PASS" signature="setUp()[pri:0, instance:com.kayak.testcases.CalendarDemo@3b084709]" name="setUp" is-config="true" duration-ms="14222" started-at="2020-02-07T12:42:36 CST" finished-at="2020-02-07T12:42:51 CST">
          <reporter-output>
          </reporter-output>
        </test-method> <!-- setUp -->
        <test-method status="PASS" signature="oneWay()[pri:0, instance:com.kayak.testcases.CalendarDemo@3b084709]" name="oneWay" duration-ms="28565" started-at="2020-02-07T12:42:51 CST" finished-at="2020-02-07T12:43:19 CST">
          <reporter-output>
          </reporter-output>
        </test-method> <!-- oneWay -->
        <test-method status="PASS" signature="tearDown()[pri:0, instance:com.kayak.testcases.CalendarDemo@3b084709]" name="tearDown" is-config="true" duration-ms="1034" started-at="2020-02-07T12:43:19 CST" finished-at="2020-02-07T12:43:20 CST">
          <reporter-output>
          </reporter-output>
        </test-method> <!-- tearDown -->
        <test-method status="PASS" signature="setUp()[pri:0, instance:com.kayak.testcases.CalendarDemo@3b084709]" name="setUp" is-config="true" duration-ms="14619" started-at="2020-02-07T12:43:20 CST" finished-at="2020-02-07T12:43:35 CST">
          <reporter-output>
          </reporter-output>
        </test-method> <!-- setUp -->
        <test-method status="FAIL" signature="roundTrip()[pri:0, instance:com.kayak.testcases.CalendarDemo@3b084709]" name="roundTrip" duration-ms="43588" started-at="2020-02-07T12:43:35 CST" finished-at="2020-02-07T12:44:18 CST">
          <exception class="org.openqa.selenium.NoSuchElementException">
            <message>
              <![CDATA[no such element: Unable to locate element: {"method":"xpath","selector":" //div[contains(@id,'-anystops')]"}
  (Session info: chrome=80.0.3987.87)
For documentation on this error, please visit: https://www.seleniumhq.org/exceptions/no_such_element.html
Build info: version: '3.141.59', revision: 'e82be7d358', time: '2018-11-14T08:17:03'
System info: host: 'LAPTOP-0MRCKFGU', ip: '192.168.254.23', os.name: 'Windows 10', os.arch: 'amd64', os.version: '10.0', java.version: '1.8.0_221'
Driver info: org.openqa.selenium.chrome.ChromeDriver
Capabilities {acceptInsecureCerts: false, browserName: chrome, browserVersion: 80.0.3987.87, chrome: {chromedriverVersion: 79.0.3945.36 (3582db32b3389..., userDataDir: C:\Users\PC\AppData\Local\T...}, goog:chromeOptions: {debuggerAddress: localhost:53695}, javascriptEnabled: true, networkConnectionEnabled: false, pageLoadStrategy: normal, platform: WINDOWS, platformName: WINDOWS, proxy: Proxy(), setWindowRect: true, strictFileInteractability: false, timeouts: {implicit: 0, pageLoad: 300000, script: 30000}, unhandledPromptBehavior: dismiss and notify}
Session ID: af2c82d6bd0bbe397a22fb941c8b06be
*** Element info: {Using=xpath, value= //div[contains(@id,'-anystops')]}]]>
            </message>
            <full-stacktrace>
              <![CDATA[org.openqa.selenium.NoSuchElementException: no such element: Unable to locate element: {"method":"xpath","selector":" //div[contains(@id,'-anystops')]"}
  (Session info: chrome=80.0.3987.87)
For documentation on this error, please visit: https://www.seleniumhq.org/exceptions/no_such_element.html
Build info: version: '3.141.59', revision: 'e82be7d358', time: '2018-11-14T08:17:03'
System info: host: 'LAPTOP-0MRCKFGU', ip: '192.168.254.23', os.name: 'Windows 10', os.arch: 'amd64', os.version: '10.0', java.version: '1.8.0_221'
Driver info: org.openqa.selenium.chrome.ChromeDriver
Capabilities {acceptInsecureCerts: false, browserName: chrome, browserVersion: 80.0.3987.87, chrome: {chromedriverVersion: 79.0.3945.36 (3582db32b3389..., userDataDir: C:\Users\PC\AppData\Local\T...}, goog:chromeOptions: {debuggerAddress: localhost:53695}, javascriptEnabled: true, networkConnectionEnabled: false, pageLoadStrategy: normal, platform: WINDOWS, platformName: WINDOWS, proxy: Proxy(), setWindowRect: true, strictFileInteractability: false, timeouts: {implicit: 0, pageLoad: 300000, script: 30000}, unhandledPromptBehavior: dismiss and notify}
Session ID: af2c82d6bd0bbe397a22fb941c8b06be
*** Element info: {Using=xpath, value= //div[contains(@id,'-anystops')]}
at sun.reflect.NativeConstructorAccessorImpl.newInstance0(Native Method)
at sun.reflect.NativeConstructorAccessorImpl.newInstance(NativeConstructorAccessorImpl.java:62)
at sun.reflect.DelegatingConstructorAccessorImpl.newInstance(DelegatingConstructorAccessorImpl.java:45)
at java.lang.reflect.Constructor.newInstance(Constructor.java:423)
at org.openqa.selenium.remote.http.W3CHttpResponseCodec.createException(W3CHttpResponseCodec.java:187)
at org.openqa.selenium.remote.http.W3CHttpResponseCodec.decode(W3CHttpResponseCodec.java:122)
at org.openqa.selenium.remote.http.W3CHttpResponseCodec.decode(W3CHttpResponseCodec.java:49)
at org.openqa.selenium.remote.HttpCommandExecutor.execute(HttpCommandExecutor.java:158)
at org.openqa.selenium.remote.service.DriverCommandExecutor.execute(DriverCommandExecutor.java:83)
at org.openqa.selenium.remote.RemoteWebDriver.execute(RemoteWebDriver.java:552)
at org.openqa.selenium.remote.RemoteWebDriver.findElement(RemoteWebDriver.java:323)
at org.openqa.selenium.remote.RemoteWebDriver.findElementByXPath(RemoteWebDriver.java:428)
at org.openqa.selenium.By$ByXPath.findElement(By.java:353)
at org.openqa.selenium.remote.RemoteWebDriver.findElement(RemoteWebDriver.java:315)
at org.openqa.selenium.support.pagefactory.DefaultElementLocator.findElement(DefaultElementLocator.java:69)
at org.openqa.selenium.support.pagefactory.internal.LocatingElementHandler.invoke(LocatingElementHandler.java:38)
at com.sun.proxy.$Proxy9.isDisplayed(Unknown Source)
at com.kayak.testcases.CalendarDemo.roundTrip(CalendarDemo.java:121)
at sun.reflect.NativeMethodAccessorImpl.invoke0(Native Method)
at sun.reflect.NativeMethodAccessorImpl.invoke(NativeMethodAccessorImpl.java:62)
at sun.reflect.DelegatingMethodAccessorImpl.invoke(DelegatingMethodAccessorImpl.java:43)
at java.lang.reflect.Method.invoke(Method.java:498)
at org.testng.internal.MethodInvocationHelper.invokeMethod(MethodInvocationHelper.java:133)
at org.testng.internal.TestInvoker.invokeMethod(TestInvoker.java:584)
at org.testng.internal.TestInvoker.invokeTestMethod(TestInvoker.java:172)
at org.testng.internal.MethodRunner.runInSequence(MethodRunner.java:46)
at org.testng.internal.TestInvoker$MethodInvocationAgent.invoke(TestInvoker.java:804)
at org.testng.internal.TestInvoker.invokeTestMethods(TestInvoker.java:145)
at org.testng.internal.TestMethodWorker.invokeTestMethods(TestMethodWorker.java:146)
at org.testng.internal.TestMethodWorker.run(TestMethodWorker.java:128)
at java.util.ArrayList.forEach(ArrayList.java:1257)
at org.testng.TestRunner.privateRun(TestRunner.java:770)
at org.testng.TestRunner.run(TestRunner.java:591)
at org.testng.SuiteRunner.runTest(SuiteRunner.java:402)
at org.testng.SuiteRunner.runSequentially(SuiteRunner.java:396)
at org.testng.SuiteRunner.privateRun(SuiteRunner.java:355)
at org.testng.SuiteRunner.run(SuiteRunner.java:304)
at org.testng.SuiteRunnerWorker.runSuite(SuiteRunnerWorker.java:53)
at org.testng.SuiteRunnerWorker.run(SuiteRunnerWorker.java:96)
at org.testng.TestNG.runSuitesSequentially(TestNG.java:1180)
at org.testng.TestNG.runSuitesLocally(TestNG.java:1102)
at org.testng.TestNG.runSuites(TestNG.java:1032)
at org.testng.TestNG.run(TestNG.java:1000)
at org.testng.remote.AbstractRemoteTestNG.run(AbstractRemoteTestNG.java:115)
at org.testng.remote.RemoteTestNG.initAndRun(RemoteTestNG.java:251)
at org.testng.remote.RemoteTestNG.main(RemoteTestNG.java:77)
]]>
            </full-stacktrace>
          </exception> <!-- org.openqa.selenium.NoSuchElementException -->
          <reporter-output>
          </reporter-output>
        </test-method> <!-- roundTrip -->
        <test-method status="PASS" signature="tearDown()[pri:0, instance:com.kayak.testcases.CalendarDemo@3b084709]" name="tearDown" is-config="true" duration-ms="934" started-at="2020-02-07T12:44:18 CST" finished-at="2020-02-07T12:44:19 CST">
          <reporter-output>
          </reporter-output>
        </test-method> <!-- tearDown -->
        <test-method status="PASS" signature="setUp()[pri:0, instance:com.kayak.testcases.CalendarDemo@3b084709]" name="setUp" is-config="true" duration-ms="15021" started-at="2020-02-07T12:44:19 CST" finished-at="2020-02-07T12:44:34 CST">
          <reporter-output>
          </reporter-output>
        </test-method> <!-- setUp -->
        <test-method status="PASS" signature="swapDestination()[pri:0, instance:com.kayak.testcases.CalendarDemo@3b084709]" name="swapDestination" duration-ms="19713" started-at="2020-02-07T12:44:34 CST" finished-at="2020-02-07T12:44:54 CST">
          <reporter-output>
          </reporter-output>
        </test-method> <!-- swapDestination -->
        <test-method status="PASS" signature="tearDown()[pri:0, instance:com.kayak.testcases.CalendarDemo@3b084709]" name="tearDown" is-config="true" duration-ms="914" started-at="2020-02-07T12:44:54 CST" finished-at="2020-02-07T12:44:55 CST">
          <reporter-output>
          </reporter-output>
        </test-method> <!-- tearDown -->
      </class> <!-- com.kayak.testcases.CalendarDemo -->
    </test> <!-- Default test -->
  </suite> <!-- Default suite -->
</testng-results>
